[2025-11-21T16:06:37.084+0000] {manager.py:483} INFO - Processing files using up to 2 processes at a time 
[2025-11-21T16:06:37.086+0000] {manager.py:484} INFO - Process each file at most once every 30 seconds
[2025-11-21T16:06:37.087+0000] {manager.py:485} INFO - Checking for new files in /opt/airflow/dags every 300 seconds
[2025-11-21T16:06:37.089+0000] {manager.py:821} INFO - Searching for files in /opt/airflow/dags
[2025-11-21T16:06:37.105+0000] {manager.py:824} INFO - There are 1 files in /opt/airflow/dags
[2025-11-21T16:06:37.189+0000] {manager.py:997} INFO - 
================================================================================
DAG File Processing Stats

File Path                               PID  Runtime      # DAGs    # Errors  Last Runtime    Last Run      Last # of DB Queries
------------------------------------  -----  ---------  --------  ----------  --------------  ----------  ----------------------
/opt/airflow/dags/shopzada_ingest.py    172  0.02s             0           0                                                   0
================================================================================
[2025-11-21T16:07:09.561+0000] {manager.py:997} INFO - 
================================================================================
DAG File Processing Stats

File Path                             PID    Runtime      # DAGs    # Errors  Last Runtime    Last Run               Last # of DB Queries
------------------------------------  -----  ---------  --------  ----------  --------------  -------------------  ----------------------
/opt/airflow/dags/shopzada_ingest.py                           1           0  0.10s           2025-11-21T16:07:07                      12
================================================================================
[2025-11-21T16:07:42.381+0000] {manager.py:997} INFO - 
================================================================================
DAG File Processing Stats

File Path                             PID    Runtime      # DAGs    # Errors  Last Runtime    Last Run               Last # of DB Queries
------------------------------------  -----  ---------  --------  ----------  --------------  -------------------  ----------------------
/opt/airflow/dags/shopzada_ingest.py                           1           0  0.12s           2025-11-21T16:07:38                      12
================================================================================
[2025-11-21T16:08:14.999+0000] {manager.py:997} INFO - 
================================================================================
DAG File Processing Stats

File Path                             PID    Runtime      # DAGs    # Errors  Last Runtime    Last Run               Last # of DB Queries
------------------------------------  -----  ---------  --------  ----------  --------------  -------------------  ----------------------
/opt/airflow/dags/shopzada_ingest.py                           1           0  0.18s           2025-11-21T16:08:09                      12
================================================================================
[2025-11-21T16:08:47.479+0000] {manager.py:997} INFO - 
================================================================================
DAG File Processing Stats

File Path                             PID    Runtime      # DAGs    # Errors  Last Runtime    Last Run               Last # of DB Queries
------------------------------------  -----  ---------  --------  ----------  --------------  -------------------  ----------------------
/opt/airflow/dags/shopzada_ingest.py                           1           0  0.27s           2025-11-21T16:08:39                      12
================================================================================
[2025-11-21T16:09:20.090+0000] {manager.py:997} INFO - 
================================================================================
DAG File Processing Stats

File Path                             PID    Runtime      # DAGs    # Errors  Last Runtime    Last Run               Last # of DB Queries
------------------------------------  -----  ---------  --------  ----------  --------------  -------------------  ----------------------
/opt/airflow/dags/shopzada_ingest.py                           1           0  0.23s           2025-11-21T16:09:10                      12
================================================================================
[2025-11-21T16:09:52.596+0000] {manager.py:997} INFO - 
================================================================================
DAG File Processing Stats

File Path                             PID    Runtime      # DAGs    # Errors  Last Runtime    Last Run               Last # of DB Queries
------------------------------------  -----  ---------  --------  ----------  --------------  -------------------  ----------------------
/opt/airflow/dags/shopzada_ingest.py                           1           0  0.14s           2025-11-21T16:09:40                      12
================================================================================
[2025-11-21T16:10:25.186+0000] {manager.py:997} INFO - 
================================================================================
DAG File Processing Stats

File Path                             PID    Runtime      # DAGs    # Errors  Last Runtime    Last Run               Last # of DB Queries
------------------------------------  -----  ---------  --------  ----------  --------------  -------------------  ----------------------
/opt/airflow/dags/shopzada_ingest.py                           1           0  0.18s           2025-11-21T16:10:11                      12
================================================================================
[2025-11-21T16:10:57.843+0000] {manager.py:997} INFO - 
================================================================================
DAG File Processing Stats

File Path                             PID    Runtime      # DAGs    # Errors  Last Runtime    Last Run               Last # of DB Queries
------------------------------------  -----  ---------  --------  ----------  --------------  -------------------  ----------------------
/opt/airflow/dags/shopzada_ingest.py                           1           0  0.15s           2025-11-21T16:10:41                      12
================================================================================
[2025-11-21T16:11:30.302+0000] {manager.py:997} INFO - 
================================================================================
DAG File Processing Stats

File Path                             PID    Runtime      # DAGs    # Errors  Last Runtime    Last Run               Last # of DB Queries
------------------------------------  -----  ---------  --------  ----------  --------------  -------------------  ----------------------
/opt/airflow/dags/shopzada_ingest.py                           1           0  0.11s           2025-11-21T16:11:12                      12
================================================================================
[2025-11-21T16:11:37.344+0000] {manager.py:821} INFO - Searching for files in /opt/airflow/dags
[2025-11-21T16:11:37.369+0000] {manager.py:824} INFO - There are 1 files in /opt/airflow/dags
[2025-11-21T16:12:02.884+0000] {manager.py:997} INFO - 
================================================================================
DAG File Processing Stats

File Path                             PID    Runtime      # DAGs    # Errors  Last Runtime    Last Run               Last # of DB Queries
------------------------------------  -----  ---------  --------  ----------  --------------  -------------------  ----------------------
/opt/airflow/dags/shopzada_ingest.py                           1           0  0.13s           2025-11-21T16:11:42                      12
================================================================================
[2025-11-21T16:12:35.459+0000] {manager.py:997} INFO - 
================================================================================
DAG File Processing Stats

File Path                             PID    Runtime      # DAGs    # Errors  Last Runtime    Last Run               Last # of DB Queries
------------------------------------  -----  ---------  --------  ----------  --------------  -------------------  ----------------------
/opt/airflow/dags/shopzada_ingest.py                           1           0  0.22s           2025-11-21T16:12:13                      12
================================================================================
[2025-11-21T16:13:08.388+0000] {manager.py:997} INFO - 
================================================================================
DAG File Processing Stats

File Path                             PID    Runtime      # DAGs    # Errors  Last Runtime    Last Run               Last # of DB Queries
------------------------------------  -----  ---------  --------  ----------  --------------  -------------------  ----------------------
/opt/airflow/dags/shopzada_ingest.py                           1           0  2.59s           2025-11-21T16:12:46                      12
================================================================================
