[2025-11-21T16:06:37.195+0000] {processor.py:186} INFO - Started process (PID=172) to work on /opt/airflow/dags/shopzada_ingest.py
[2025-11-21T16:06:37.196+0000] {processor.py:914} INFO - Processing file /opt/airflow/dags/shopzada_ingest.py for tasks to queue
[2025-11-21T16:06:37.198+0000] {logging_mixin.py:190} INFO - [2025-11-21T16:06:37.198+0000] {dagbag.py:588} INFO - Filling up the DagBag from /opt/airflow/dags/shopzada_ingest.py
[2025-11-21T16:06:37.268+0000] {processor.py:925} INFO - DAG(s) 'shopzada_ingestion' retrieved from /opt/airflow/dags/shopzada_ingest.py
[2025-11-21T16:06:37.407+0000] {logging_mixin.py:190} INFO - [2025-11-21T16:06:37.407+0000] {override.py:1900} INFO - Created Permission View: can edit on DAG:shopzada_ingestion
[2025-11-21T16:06:37.414+0000] {logging_mixin.py:190} INFO - [2025-11-21T16:06:37.413+0000] {override.py:1900} INFO - Created Permission View: can delete on DAG:shopzada_ingestion
[2025-11-21T16:06:37.418+0000] {logging_mixin.py:190} INFO - [2025-11-21T16:06:37.418+0000] {override.py:1900} INFO - Created Permission View: can read on DAG:shopzada_ingestion
[2025-11-21T16:06:37.423+0000] {logging_mixin.py:190} INFO - [2025-11-21T16:06:37.423+0000] {override.py:1900} INFO - Created Permission View: menu access on DAG Run:shopzada_ingestion
[2025-11-21T16:06:37.427+0000] {logging_mixin.py:190} INFO - [2025-11-21T16:06:37.427+0000] {override.py:1900} INFO - Created Permission View: can create on DAG Run:shopzada_ingestion
[2025-11-21T16:06:37.432+0000] {logging_mixin.py:190} INFO - [2025-11-21T16:06:37.432+0000] {override.py:1900} INFO - Created Permission View: can delete on DAG Run:shopzada_ingestion
[2025-11-21T16:06:37.437+0000] {logging_mixin.py:190} INFO - [2025-11-21T16:06:37.437+0000] {override.py:1900} INFO - Created Permission View: can read on DAG Run:shopzada_ingestion
[2025-11-21T16:06:37.438+0000] {logging_mixin.py:190} INFO - [2025-11-21T16:06:37.438+0000] {dag.py:3239} INFO - Sync 1 DAGs
[2025-11-21T16:06:37.447+0000] {logging_mixin.py:190} INFO - [2025-11-21T16:06:37.447+0000] {dag.py:3262} INFO - Creating ORM DAG for shopzada_ingestion
[2025-11-21T16:06:37.454+0000] {logging_mixin.py:190} INFO - [2025-11-21T16:06:37.454+0000] {dag.py:4180} INFO - Setting next_dagrun for shopzada_ingestion to 2025-11-20 00:00:00+00:00, run_after=2025-11-21 00:00:00+00:00
[2025-11-21T16:06:37.475+0000] {processor.py:208} INFO - Processing /opt/airflow/dags/shopzada_ingest.py took 0.284 seconds
[2025-11-21T16:07:07.573+0000] {processor.py:186} INFO - Started process (PID=209) to work on /opt/airflow/dags/shopzada_ingest.py
[2025-11-21T16:07:07.574+0000] {processor.py:914} INFO - Processing file /opt/airflow/dags/shopzada_ingest.py for tasks to queue
[2025-11-21T16:07:07.576+0000] {logging_mixin.py:190} INFO - [2025-11-21T16:07:07.576+0000] {dagbag.py:588} INFO - Filling up the DagBag from /opt/airflow/dags/shopzada_ingest.py
[2025-11-21T16:07:07.597+0000] {processor.py:925} INFO - DAG(s) 'shopzada_ingestion' retrieved from /opt/airflow/dags/shopzada_ingest.py
[2025-11-21T16:07:07.617+0000] {logging_mixin.py:190} INFO - [2025-11-21T16:07:07.617+0000] {dag.py:3239} INFO - Sync 1 DAGs
[2025-11-21T16:07:07.648+0000] {processor.py:208} INFO - Processing /opt/airflow/dags/shopzada_ingest.py took 0.080 seconds
[2025-11-21T16:07:38.301+0000] {processor.py:186} INFO - Started process (PID=215) to work on /opt/airflow/dags/shopzada_ingest.py
[2025-11-21T16:07:38.302+0000] {processor.py:914} INFO - Processing file /opt/airflow/dags/shopzada_ingest.py for tasks to queue
[2025-11-21T16:07:38.305+0000] {logging_mixin.py:190} INFO - [2025-11-21T16:07:38.304+0000] {dagbag.py:588} INFO - Filling up the DagBag from /opt/airflow/dags/shopzada_ingest.py
[2025-11-21T16:07:38.331+0000] {processor.py:925} INFO - DAG(s) 'shopzada_ingestion' retrieved from /opt/airflow/dags/shopzada_ingest.py
[2025-11-21T16:07:38.357+0000] {logging_mixin.py:190} INFO - [2025-11-21T16:07:38.357+0000] {dag.py:3239} INFO - Sync 1 DAGs
[2025-11-21T16:07:38.389+0000] {processor.py:208} INFO - Processing /opt/airflow/dags/shopzada_ingest.py took 0.093 seconds
[2025-11-21T16:08:08.944+0000] {processor.py:186} INFO - Started process (PID=220) to work on /opt/airflow/dags/shopzada_ingest.py
[2025-11-21T16:08:08.945+0000] {processor.py:914} INFO - Processing file /opt/airflow/dags/shopzada_ingest.py for tasks to queue
[2025-11-21T16:08:08.949+0000] {logging_mixin.py:190} INFO - [2025-11-21T16:08:08.947+0000] {dagbag.py:588} INFO - Filling up the DagBag from /opt/airflow/dags/shopzada_ingest.py
[2025-11-21T16:08:08.992+0000] {processor.py:925} INFO - DAG(s) 'shopzada_ingestion' retrieved from /opt/airflow/dags/shopzada_ingest.py
[2025-11-21T16:08:09.032+0000] {logging_mixin.py:190} INFO - [2025-11-21T16:08:09.032+0000] {dag.py:3239} INFO - Sync 1 DAGs
[2025-11-21T16:08:09.079+0000] {processor.py:208} INFO - Processing /opt/airflow/dags/shopzada_ingest.py took 0.141 seconds
[2025-11-21T16:08:39.422+0000] {processor.py:186} INFO - Started process (PID=226) to work on /opt/airflow/dags/shopzada_ingest.py
[2025-11-21T16:08:39.426+0000] {processor.py:914} INFO - Processing file /opt/airflow/dags/shopzada_ingest.py for tasks to queue
[2025-11-21T16:08:39.436+0000] {logging_mixin.py:190} INFO - [2025-11-21T16:08:39.434+0000] {dagbag.py:588} INFO - Filling up the DagBag from /opt/airflow/dags/shopzada_ingest.py
[2025-11-21T16:08:39.497+0000] {processor.py:925} INFO - DAG(s) 'shopzada_ingestion' retrieved from /opt/airflow/dags/shopzada_ingest.py
[2025-11-21T16:08:39.545+0000] {logging_mixin.py:190} INFO - [2025-11-21T16:08:39.545+0000] {dag.py:3239} INFO - Sync 1 DAGs
[2025-11-21T16:08:39.594+0000] {processor.py:208} INFO - Processing /opt/airflow/dags/shopzada_ingest.py took 0.189 seconds
[2025-11-21T16:09:09.882+0000] {processor.py:186} INFO - Started process (PID=231) to work on /opt/airflow/dags/shopzada_ingest.py
[2025-11-21T16:09:09.884+0000] {processor.py:914} INFO - Processing file /opt/airflow/dags/shopzada_ingest.py for tasks to queue
[2025-11-21T16:09:09.886+0000] {logging_mixin.py:190} INFO - [2025-11-21T16:09:09.886+0000] {dagbag.py:588} INFO - Filling up the DagBag from /opt/airflow/dags/shopzada_ingest.py
[2025-11-21T16:09:09.965+0000] {processor.py:925} INFO - DAG(s) 'shopzada_ingestion' retrieved from /opt/airflow/dags/shopzada_ingest.py
[2025-11-21T16:09:10.024+0000] {logging_mixin.py:190} INFO - [2025-11-21T16:09:10.024+0000] {dag.py:3239} INFO - Sync 1 DAGs
[2025-11-21T16:09:10.077+0000] {processor.py:208} INFO - Processing /opt/airflow/dags/shopzada_ingest.py took 0.200 seconds
[2025-11-21T16:09:40.466+0000] {processor.py:186} INFO - Started process (PID=239) to work on /opt/airflow/dags/shopzada_ingest.py
[2025-11-21T16:09:40.467+0000] {processor.py:914} INFO - Processing file /opt/airflow/dags/shopzada_ingest.py for tasks to queue
[2025-11-21T16:09:40.469+0000] {logging_mixin.py:190} INFO - [2025-11-21T16:09:40.469+0000] {dagbag.py:588} INFO - Filling up the DagBag from /opt/airflow/dags/shopzada_ingest.py
[2025-11-21T16:09:40.513+0000] {processor.py:925} INFO - DAG(s) 'shopzada_ingestion' retrieved from /opt/airflow/dags/shopzada_ingest.py
[2025-11-21T16:09:40.534+0000] {logging_mixin.py:190} INFO - [2025-11-21T16:09:40.534+0000] {dag.py:3239} INFO - Sync 1 DAGs
[2025-11-21T16:09:40.550+0000] {logging_mixin.py:190} INFO - [2025-11-21T16:09:40.550+0000] {dag.py:4180} INFO - Setting next_dagrun for shopzada_ingestion to 2025-11-21 00:00:00+00:00, run_after=2025-11-22 00:00:00+00:00
[2025-11-21T16:09:40.578+0000] {processor.py:208} INFO - Processing /opt/airflow/dags/shopzada_ingest.py took 0.117 seconds
[2025-11-21T16:10:11.041+0000] {processor.py:186} INFO - Started process (PID=244) to work on /opt/airflow/dags/shopzada_ingest.py
[2025-11-21T16:10:11.042+0000] {processor.py:914} INFO - Processing file /opt/airflow/dags/shopzada_ingest.py for tasks to queue
[2025-11-21T16:10:11.046+0000] {logging_mixin.py:190} INFO - [2025-11-21T16:10:11.046+0000] {dagbag.py:588} INFO - Filling up the DagBag from /opt/airflow/dags/shopzada_ingest.py
[2025-11-21T16:10:11.079+0000] {processor.py:925} INFO - DAG(s) 'shopzada_ingestion' retrieved from /opt/airflow/dags/shopzada_ingest.py
[2025-11-21T16:10:11.109+0000] {logging_mixin.py:190} INFO - [2025-11-21T16:10:11.109+0000] {dag.py:3239} INFO - Sync 1 DAGs
[2025-11-21T16:10:11.134+0000] {logging_mixin.py:190} INFO - [2025-11-21T16:10:11.134+0000] {dag.py:4180} INFO - Setting next_dagrun for shopzada_ingestion to 2025-11-21 00:00:00+00:00, run_after=2025-11-22 00:00:00+00:00
[2025-11-21T16:10:11.153+0000] {processor.py:208} INFO - Processing /opt/airflow/dags/shopzada_ingest.py took 0.121 seconds
[2025-11-21T16:10:41.634+0000] {processor.py:186} INFO - Started process (PID=249) to work on /opt/airflow/dags/shopzada_ingest.py
[2025-11-21T16:10:41.636+0000] {processor.py:914} INFO - Processing file /opt/airflow/dags/shopzada_ingest.py for tasks to queue
[2025-11-21T16:10:41.638+0000] {logging_mixin.py:190} INFO - [2025-11-21T16:10:41.638+0000] {dagbag.py:588} INFO - Filling up the DagBag from /opt/airflow/dags/shopzada_ingest.py
[2025-11-21T16:10:41.668+0000] {processor.py:925} INFO - DAG(s) 'shopzada_ingestion' retrieved from /opt/airflow/dags/shopzada_ingest.py
[2025-11-21T16:10:41.694+0000] {logging_mixin.py:190} INFO - [2025-11-21T16:10:41.694+0000] {dag.py:3239} INFO - Sync 1 DAGs
[2025-11-21T16:10:41.714+0000] {logging_mixin.py:190} INFO - [2025-11-21T16:10:41.714+0000] {dag.py:4180} INFO - Setting next_dagrun for shopzada_ingestion to 2025-11-21 00:00:00+00:00, run_after=2025-11-22 00:00:00+00:00
[2025-11-21T16:10:41.733+0000] {processor.py:208} INFO - Processing /opt/airflow/dags/shopzada_ingest.py took 0.105 seconds
[2025-11-21T16:11:12.156+0000] {processor.py:186} INFO - Started process (PID=254) to work on /opt/airflow/dags/shopzada_ingest.py
[2025-11-21T16:11:12.156+0000] {processor.py:914} INFO - Processing file /opt/airflow/dags/shopzada_ingest.py for tasks to queue
[2025-11-21T16:11:12.158+0000] {logging_mixin.py:190} INFO - [2025-11-21T16:11:12.158+0000] {dagbag.py:588} INFO - Filling up the DagBag from /opt/airflow/dags/shopzada_ingest.py
[2025-11-21T16:11:12.187+0000] {processor.py:925} INFO - DAG(s) 'shopzada_ingestion' retrieved from /opt/airflow/dags/shopzada_ingest.py
[2025-11-21T16:11:12.207+0000] {logging_mixin.py:190} INFO - [2025-11-21T16:11:12.207+0000] {dag.py:3239} INFO - Sync 1 DAGs
[2025-11-21T16:11:12.223+0000] {logging_mixin.py:190} INFO - [2025-11-21T16:11:12.223+0000] {dag.py:4180} INFO - Setting next_dagrun for shopzada_ingestion to 2025-11-21 00:00:00+00:00, run_after=2025-11-22 00:00:00+00:00
[2025-11-21T16:11:12.238+0000] {processor.py:208} INFO - Processing /opt/airflow/dags/shopzada_ingest.py took 0.087 seconds
[2025-11-21T16:11:42.704+0000] {processor.py:186} INFO - Started process (PID=259) to work on /opt/airflow/dags/shopzada_ingest.py
[2025-11-21T16:11:42.705+0000] {processor.py:914} INFO - Processing file /opt/airflow/dags/shopzada_ingest.py for tasks to queue
[2025-11-21T16:11:42.708+0000] {logging_mixin.py:190} INFO - [2025-11-21T16:11:42.707+0000] {dagbag.py:588} INFO - Filling up the DagBag from /opt/airflow/dags/shopzada_ingest.py
[2025-11-21T16:11:42.743+0000] {processor.py:925} INFO - DAG(s) 'shopzada_ingestion' retrieved from /opt/airflow/dags/shopzada_ingest.py
[2025-11-21T16:11:42.766+0000] {logging_mixin.py:190} INFO - [2025-11-21T16:11:42.766+0000] {dag.py:3239} INFO - Sync 1 DAGs
[2025-11-21T16:11:42.784+0000] {logging_mixin.py:190} INFO - [2025-11-21T16:11:42.784+0000] {dag.py:4180} INFO - Setting next_dagrun for shopzada_ingestion to 2025-11-21 00:00:00+00:00, run_after=2025-11-22 00:00:00+00:00
[2025-11-21T16:11:42.799+0000] {processor.py:208} INFO - Processing /opt/airflow/dags/shopzada_ingest.py took 0.099 seconds
[2025-11-21T16:12:13.281+0000] {processor.py:186} INFO - Started process (PID=264) to work on /opt/airflow/dags/shopzada_ingest.py
[2025-11-21T16:12:13.282+0000] {processor.py:914} INFO - Processing file /opt/airflow/dags/shopzada_ingest.py for tasks to queue
[2025-11-21T16:12:13.289+0000] {logging_mixin.py:190} INFO - [2025-11-21T16:12:13.288+0000] {dagbag.py:588} INFO - Filling up the DagBag from /opt/airflow/dags/shopzada_ingest.py
[2025-11-21T16:12:13.326+0000] {processor.py:925} INFO - DAG(s) 'shopzada_ingestion' retrieved from /opt/airflow/dags/shopzada_ingest.py
[2025-11-21T16:12:13.373+0000] {logging_mixin.py:190} INFO - [2025-11-21T16:12:13.373+0000] {dag.py:3239} INFO - Sync 1 DAGs
[2025-11-21T16:12:13.401+0000] {logging_mixin.py:190} INFO - [2025-11-21T16:12:13.400+0000] {dag.py:4180} INFO - Setting next_dagrun for shopzada_ingestion to 2025-11-21 00:00:00+00:00, run_after=2025-11-22 00:00:00+00:00
[2025-11-21T16:12:13.423+0000] {processor.py:208} INFO - Processing /opt/airflow/dags/shopzada_ingest.py took 0.153 seconds
[2025-11-21T16:12:43.554+0000] {processor.py:186} INFO - Started process (PID=269) to work on /opt/airflow/dags/shopzada_ingest.py
[2025-11-21T16:12:43.557+0000] {processor.py:914} INFO - Processing file /opt/airflow/dags/shopzada_ingest.py for tasks to queue
[2025-11-21T16:12:43.559+0000] {logging_mixin.py:190} INFO - [2025-11-21T16:12:43.559+0000] {dagbag.py:588} INFO - Filling up the DagBag from /opt/airflow/dags/shopzada_ingest.py
[2025-11-21T16:12:45.083+0000] {processor.py:925} INFO - DAG(s) 'shopzada_ingestion' retrieved from /opt/airflow/dags/shopzada_ingest.py
[2025-11-21T16:12:45.113+0000] {logging_mixin.py:190} INFO - [2025-11-21T16:12:45.113+0000] {dag.py:3239} INFO - Sync 1 DAGs
[2025-11-21T16:12:46.074+0000] {logging_mixin.py:190} INFO - [2025-11-21T16:12:46.074+0000] {dag.py:4180} INFO - Setting next_dagrun for shopzada_ingestion to 2025-11-21 00:00:00+00:00, run_after=2025-11-22 00:00:00+00:00
[2025-11-21T16:12:46.097+0000] {processor.py:208} INFO - Processing /opt/airflow/dags/shopzada_ingest.py took 1.072 seconds
